<?xml version="1.0" encoding="UTF-8"?>
<!-- Generated by org.testng.reporters.JUnitReportReporter -->
<testsuite hostname="idoshoshani-lt" name="com.myTests.NativeTestWorkFlow" tests="1" failures="0" timestamp="26 Nov 2017 13:24:37 GMT" time="177.047" errors="0">
  <testcase name="OrderTest" time="177.047" classname="com.myTests.NativeTestWorkFlow"/>
</testsuite> <!-- com.myTests.NativeTestWorkFlow -->
