<?xml version="1.0" encoding="UTF-8"?>
<!-- Generated by org.testng.reporters.JUnitReportReporter -->
<testsuite hostname="idoshoshani-lt" name="com.myTests.NativeTestLogin" tests="1" failures="0" timestamp="26 Nov 2017 13:24:37 GMT" time="513.144" errors="0">
  <testcase name="LoginTest" time="513.144" classname="com.myTests.NativeTestLogin"/>
</testsuite> <!-- com.myTests.NativeTestLogin -->
