<?xml version="1.0" encoding="UTF-8"?>
<!-- Generated by org.testng.reporters.JUnitReportReporter -->
<testsuite hostname="idoshoshani-lt" name="com.myTests.NativeTestWorkFlow" tests="1" failures="0" timestamp="28 Nov 2017 18:03:35 GMT" time="242.988" errors="0">
  <testcase name="OrderTest" time="242.988" classname="com.myTests.NativeTestWorkFlow"/>
</testsuite> <!-- com.myTests.NativeTestWorkFlow -->
