<?xml version="1.0" encoding="UTF-8"?>
<!-- Generated by org.testng.reporters.JUnitReportReporter -->
<testsuite hostname="idoshoshani-lt" name="com.myTests.NativeTestLogin" tests="1" failures="0" timestamp="28 Nov 2017 18:03:35 GMT" time="534.116" errors="0">
  <testcase name="LoginTest" time="534.116" classname="com.myTests.NativeTestLogin"/>
</testsuite> <!-- com.myTests.NativeTestLogin -->
