<?xml version="1.0" encoding="UTF-8"?>
<!-- Generated by org.testng.reporters.JUnitReportReporter -->
<testsuite hostname="idoshoshani-lt" name="com.myTests.AppStoreTest" tests="1" failures="0" timestamp="26 Nov 2017 12:17:00 GMT" time="58.086" errors="1">
  <testcase name="test" time="58.086" classname="com.myTests.AppStoreTest">
    <error type="com.experitest.client.InternalException" message="Exception caught while executing click: Element was not identified: &#039;search_button&#039; at zone default">
      <![CDATA[com.experitest.client.InternalException: Exception caught while executing click: Element was not identified: 'search_button' at zone default
	at com.experitest.client.JavaClientInternals.executeInternally(JavaClientInternals.java:249)
	at com.experitest.client.Client.execute(Client.java:247)
	at com.experitest.client.ExecutionClient.execute(ExecutionClient.java:184)
	at com.experitest.client.Client.click(Client.java:476)
	at com.experitest.client.ClientWrapper.click(ClientWrapper.java:195)
	at com.myTests.AppStoreTest.test(AppStoreTest.java:69)
	at sun.reflect.NativeMethodAccessorImpl.invoke0(Native Method)
	at sun.reflect.NativeMethodAccessorImpl.invoke(Unknown Source)
	at sun.reflect.DelegatingMethodAccessorImpl.invoke(Unknown Source)
	at java.lang.reflect.Method.invoke(Unknown Source)
	at org.testng.internal.MethodInvocationHelper.invokeMethod(MethodInvocationHelper.java:85)
	at org.testng.internal.Invoker.invokeMethod(Invoker.java:639)
	at org.testng.internal.Invoker.invokeTestMethod(Invoker.java:816)
	at org.testng.internal.Invoker.invokeTestMethods(Invoker.java:1124)
	at org.testng.internal.TestMethodWorker.invokeTestMethods(TestMethodWorker.java:125)
	at org.testng.internal.TestMethodWorker.run(TestMethodWorker.java:108)
	at java.util.concurrent.ThreadPoolExecutor.runWorker(Unknown Source)
	at java.util.concurrent.ThreadPoolExecutor$Worker.run(Unknown Source)
	at java.lang.Thread.run(Unknown Source)
]]>
    </error>
  </testcase> <!-- test -->
</testsuite> <!-- com.myTests.AppStoreTest -->
