<?xml version="1.0" encoding="UTF-8"?>
<!-- Generated by org.testng.reporters.JUnitReportReporter -->
<testsuite hostname="idoshoshani-lt" name="com.myTests.WebTestMenuExists" tests="1" failures="0" timestamp="26 Nov 2017 13:24:37 GMT" time="132.363" errors="0">
  <testcase name="testWebTest1" time="132.363" classname="com.myTests.WebTestMenuExists"/>
</testsuite> <!-- com.myTests.WebTestMenuExists -->
